{"C:\\Users\\FutureProof\\Desktop\\Team-Salty-Habit-Tracker\\client\\assets\\js\\dashboard.js": {"path":"C:\\Users\\FutureProof\\Desktop\\Team-Salty-Habit-Tracker\\client\\assets\\js\\dashboard.js","statementMap":{"0":{"start":{"line":2,"column":19},"end":{"line":2,"column":42}},"1":{"start":{"line":4,"column":31},"end":{"line":4,"column":63}},"2":{"start":{"line":7,"column":2},"end":{"line":7,"column":30}},"3":{"start":{"line":8,"column":2},"end":{"line":8,"column":49}},"4":{"start":{"line":9,"column":2},"end":{"line":9,"column":52}},"5":{"start":{"line":10,"column":2},"end":{"line":10,"column":51}},"6":{"start":{"line":11,"column":2},"end":{"line":13,"column":5}},"7":{"start":{"line":12,"column":4},"end":{"line":12,"column":13}},"8":{"start":{"line":18,"column":2},"end":{"line":18,"column":23}},"9":{"start":{"line":19,"column":2},"end":{"line":19,"column":34}},"10":{"start":{"line":23,"column":22},"end":{"line":23,"column":57}},"11":{"start":{"line":24,"column":19},"end":{"line":24,"column":47}},"12":{"start":{"line":25,"column":2},"end":{"line":25,"column":36}},"13":{"start":{"line":26,"column":2},"end":{"line":26,"column":40}},"14":{"start":{"line":31,"column":15},"end":{"line":31,"column":49}},"15":{"start":{"line":32,"column":13},"end":{"line":32,"column":51}},"16":{"start":{"line":34,"column":2},"end":{"line":108,"column":3}},"17":{"start":{"line":34,"column":15},"end":{"line":34,"column":16}},"18":{"start":{"line":36,"column":22},"end":{"line":36,"column":32}},"19":{"start":{"line":38,"column":22},"end":{"line":38,"column":51}},"20":{"start":{"line":39,"column":26},"end":{"line":39,"column":54}},"21":{"start":{"line":40,"column":25},"end":{"line":40,"column":57}},"22":{"start":{"line":41,"column":23},"end":{"line":41,"column":50}},"23":{"start":{"line":42,"column":22},"end":{"line":42,"column":52}},"24":{"start":{"line":44,"column":4},"end":{"line":44,"column":43}},"25":{"start":{"line":45,"column":4},"end":{"line":45,"column":54}},"26":{"start":{"line":46,"column":4},"end":{"line":46,"column":50}},"27":{"start":{"line":47,"column":4},"end":{"line":47,"column":48}},"28":{"start":{"line":48,"column":4},"end":{"line":48,"column":51}},"29":{"start":{"line":50,"column":22},"end":{"line":50,"column":60}},"30":{"start":{"line":51,"column":21},"end":{"line":51,"column":70}},"31":{"start":{"line":51,"column":51},"end":{"line":51,"column":69}},"32":{"start":{"line":53,"column":4},"end":{"line":59,"column":5}},"33":{"start":{"line":54,"column":6},"end":{"line":54,"column":43}},"34":{"start":{"line":55,"column":6},"end":{"line":55,"column":37}},"35":{"start":{"line":57,"column":6},"end":{"line":57,"column":39}},"36":{"start":{"line":58,"column":6},"end":{"line":58,"column":38}},"37":{"start":{"line":61,"column":4},"end":{"line":61,"column":59}},"38":{"start":{"line":63,"column":18},"end":{"line":63,"column":19}},"39":{"start":{"line":65,"column":4},"end":{"line":99,"column":5}},"40":{"start":{"line":66,"column":6},"end":{"line":66,"column":36}},"41":{"start":{"line":67,"column":11},"end":{"line":99,"column":5}},"42":{"start":{"line":68,"column":6},"end":{"line":68,"column":36}},"43":{"start":{"line":70,"column":21},"end":{"line":70,"column":40}},"44":{"start":{"line":71,"column":6},"end":{"line":98,"column":7}},"45":{"start":{"line":71,"column":19},"end":{"line":71,"column":20}},"46":{"start":{"line":72,"column":31},"end":{"line":72,"column":49}},"47":{"start":{"line":74,"column":8},"end":{"line":82,"column":9}},"48":{"start":{"line":75,"column":10},"end":{"line":79,"column":11}},"49":{"start":{"line":76,"column":12},"end":{"line":76,"column":74}},"50":{"start":{"line":78,"column":12},"end":{"line":78,"column":55}},"51":{"start":{"line":81,"column":10},"end":{"line":81,"column":52}},"52":{"start":{"line":83,"column":33},"end":{"line":83,"column":60}},"53":{"start":{"line":84,"column":33},"end":{"line":84,"column":60}},"54":{"start":{"line":85,"column":25},"end":{"line":85,"column":57}},"55":{"start":{"line":86,"column":25},"end":{"line":86,"column":57}},"56":{"start":{"line":87,"column":29},"end":{"line":87,"column":82}},"57":{"start":{"line":88,"column":29},"end":{"line":88,"column":82}},"58":{"start":{"line":89,"column":25},"end":{"line":89,"column":89}},"59":{"start":{"line":91,"column":8},"end":{"line":97,"column":9}},"60":{"start":{"line":92,"column":10},"end":{"line":92,"column":20}},"61":{"start":{"line":93,"column":10},"end":{"line":93,"column":44}},"62":{"start":{"line":95,"column":10},"end":{"line":95,"column":22}},"63":{"start":{"line":96,"column":10},"end":{"line":96,"column":40}},"64":{"start":{"line":101,"column":25},"end":{"line":101,"column":58}},"65":{"start":{"line":103,"column":4},"end":{"line":103,"column":48}},"66":{"start":{"line":104,"column":4},"end":{"line":104,"column":47}},"67":{"start":{"line":105,"column":4},"end":{"line":105,"column":45}},"68":{"start":{"line":106,"column":4},"end":{"line":106,"column":42}},"69":{"start":{"line":113,"column":20},"end":{"line":113,"column":45}},"70":{"start":{"line":114,"column":16},"end":{"line":117,"column":3}},"71":{"start":{"line":119,"column":15},"end":{"line":119,"column":66}},"72":{"start":{"line":120,"column":19},"end":{"line":120,"column":93}},"73":{"start":{"line":121,"column":16},"end":{"line":121,"column":39}},"74":{"start":{"line":123,"column":2},"end":{"line":123,"column":20}},"75":{"start":{"line":128,"column":17},"end":{"line":128,"column":59}},"76":{"start":{"line":129,"column":15},"end":{"line":129,"column":36}},"77":{"start":{"line":130,"column":2},"end":{"line":130,"column":16}},"78":{"start":{"line":134,"column":15},"end":{"line":134,"column":49}},"79":{"start":{"line":135,"column":12},"end":{"line":135,"column":62}},"80":{"start":{"line":136,"column":28},"end":{"line":136,"column":44}},"81":{"start":{"line":137,"column":2},"end":{"line":137,"column":29}},"82":{"start":{"line":140,"column":0},"end":{"line":144,"column":1}},"83":{"start":{"line":141,"column":2},"end":{"line":141,"column":46}},"84":{"start":{"line":143,"column":1},"end":{"line":143,"column":34}}},"fnMap":{"0":{"name":"load","decl":{"start":{"line":6,"column":9},"end":{"line":6,"column":13}},"loc":{"start":{"line":6,"column":16},"end":{"line":14,"column":1}},"line":6},"1":{"name":"(anonymous_1)","decl":{"start":{"line":11,"column":41},"end":{"line":11,"column":42}},"loc":{"start":{"line":11,"column":47},"end":{"line":13,"column":3}},"line":11},"2":{"name":"logout","decl":{"start":{"line":17,"column":9},"end":{"line":17,"column":15}},"loc":{"start":{"line":17,"column":18},"end":{"line":20,"column":1}},"line":17},"3":{"name":"renderUsernameToDashboard","decl":{"start":{"line":22,"column":9},"end":{"line":22,"column":34}},"loc":{"start":{"line":22,"column":45},"end":{"line":27,"column":1}},"line":22},"4":{"name":"renderHabitToDashboard","decl":{"start":{"line":29,"column":15},"end":{"line":29,"column":37}},"loc":{"start":{"line":29,"column":45},"end":{"line":109,"column":1}},"line":29},"5":{"name":"(anonymous_5)","decl":{"start":{"line":51,"column":41},"end":{"line":51,"column":42}},"loc":{"start":{"line":51,"column":51},"end":{"line":51,"column":69}},"line":51},"6":{"name":"streakUpdate","decl":{"start":{"line":111,"column":15},"end":{"line":111,"column":27}},"loc":{"start":{"line":111,"column":31},"end":{"line":125,"column":1}},"line":111},"7":{"name":"fetchUserIDByUsername","decl":{"start":{"line":127,"column":15},"end":{"line":127,"column":36}},"loc":{"start":{"line":127,"column":44},"end":{"line":131,"column":1}},"line":127},"8":{"name":"fetchUserHabitsByUsername","decl":{"start":{"line":133,"column":15},"end":{"line":133,"column":40}},"loc":{"start":{"line":133,"column":48},"end":{"line":138,"column":1}},"line":133}},"branchMap":{"0":{"loc":{"start":{"line":53,"column":4},"end":{"line":59,"column":5}},"type":"if","locations":[{"start":{"line":53,"column":4},"end":{"line":59,"column":5}},{"start":{"line":53,"column":4},"end":{"line":59,"column":5}}],"line":53},"1":{"loc":{"start":{"line":65,"column":4},"end":{"line":99,"column":5}},"type":"if","locations":[{"start":{"line":65,"column":4},"end":{"line":99,"column":5}},{"start":{"line":65,"column":4},"end":{"line":99,"column":5}}],"line":65},"2":{"loc":{"start":{"line":67,"column":11},"end":{"line":99,"column":5}},"type":"if","locations":[{"start":{"line":67,"column":11},"end":{"line":99,"column":5}},{"start":{"line":67,"column":11},"end":{"line":99,"column":5}}],"line":67},"3":{"loc":{"start":{"line":67,"column":15},"end":{"line":67,"column":94}},"type":"binary-expr","locations":[{"start":{"line":67,"column":15},"end":{"line":67,"column":43}},{"start":{"line":67,"column":47},"end":{"line":67,"column":94}}],"line":67},"4":{"loc":{"start":{"line":74,"column":8},"end":{"line":82,"column":9}},"type":"if","locations":[{"start":{"line":74,"column":8},"end":{"line":82,"column":9}},{"start":{"line":74,"column":8},"end":{"line":82,"column":9}}],"line":74},"5":{"loc":{"start":{"line":75,"column":10},"end":{"line":79,"column":11}},"type":"if","locations":[{"start":{"line":75,"column":10},"end":{"line":79,"column":11}},{"start":{"line":75,"column":10},"end":{"line":79,"column":11}}],"line":75},"6":{"loc":{"start":{"line":91,"column":8},"end":{"line":97,"column":9}},"type":"if","locations":[{"start":{"line":91,"column":8},"end":{"line":97,"column":9}},{"start":{"line":91,"column":8},"end":{"line":97,"column":9}}],"line":91},"7":{"loc":{"start":{"line":91,"column":12},"end":{"line":91,"column":58}},"type":"binary-expr","locations":[{"start":{"line":91,"column":12},"end":{"line":91,"column":26}},{"start":{"line":91,"column":30},"end":{"line":91,"column":58}}],"line":91}},"s":{"0":1,"1":1,"2":0,"3":0,"4":0,"5":0,"6":0,"7":0,"8":0,"9":0,"10":1,"11":1,"12":1,"13":1,"14":0,"15":0,"16":0,"17":0,"18":0,"19":0,"20":0,"21":0,"22":0,"23":0,"24":0,"25":0,"26":0,"27":0,"28":0,"29":0,"30":0,"31":0,"32":0,"33":0,"34":0,"35":0,"36":0,"37":0,"38":0,"39":0,"40":0,"41":0,"42":0,"43":0,"44":0,"45":0,"46":0,"47":0,"48":0,"49":0,"50":0,"51":0,"52":0,"53":0,"54":0,"55":0,"56":0,"57":0,"58":0,"59":0,"60":0,"61":0,"62":0,"63":0,"64":0,"65":0,"66":0,"67":0,"68":0,"69":0,"70":0,"71":0,"72":0,"73":0,"74":0,"75":0,"76":0,"77":0,"78":0,"79":0,"80":0,"81":0,"82":1,"83":1,"84":0},"f":{"0":0,"1":0,"2":0,"3":1,"4":0,"5":0,"6":0,"7":0,"8":0},"b":{"0":[0,0],"1":[0,0],"2":[0,0],"3":[0,0],"4":[0,0],"5":[0,0],"6":[0,0],"7":[0,0]},"_coverageSchema":"1a1c01bbd47fc00a2c39e90264f33305004495a9","hash":"1e7769651485ffbb33a68019e5ba7468fb8f6716"}
}
