TN:
SF:assets\js\dashboard.js
FN:6,load
FN:11,(anonymous_1)
FN:17,logout
FN:22,renderUsernameToDashboard
FN:29,fetchHabitToDashboard
FN:36,renderHabitToDashboard
FN:54,(anonymous_6)
FN:114,streakUpdate
FN:130,fetchUserIDByUsername
FN:136,fetchUserHabitsByUsername
FNF:10
FNH:2
FNDA:0,load
FNDA:0,(anonymous_1)
FNDA:0,logout
FNDA:1,renderUsernameToDashboard
FNDA:0,fetchHabitToDashboard
FNDA:1,renderHabitToDashboard
FNDA:0,(anonymous_6)
FNDA:0,streakUpdate
FNDA:0,fetchUserIDByUsername
FNDA:0,fetchUserHabitsByUsername
DA:2,1
DA:4,1
DA:7,0
DA:8,0
DA:9,0
DA:10,0
DA:11,0
DA:12,0
DA:18,0
DA:19,0
DA:23,1
DA:24,1
DA:25,1
DA:26,1
DA:32,0
DA:33,0
DA:37,1
DA:39,1
DA:41,1
DA:42,1
DA:43,1
DA:44,1
DA:45,1
DA:47,1
DA:48,1
DA:49,1
DA:50,1
DA:51,1
DA:53,1
DA:54,1
DA:56,1
DA:57,0
DA:58,0
DA:60,1
DA:61,1
DA:64,1
DA:66,1
DA:68,1
DA:69,1
DA:70,0
DA:71,0
DA:73,0
DA:74,0
DA:75,0
DA:77,0
DA:78,0
DA:79,0
DA:81,0
DA:84,0
DA:86,0
DA:87,0
DA:88,0
DA:89,0
DA:90,0
DA:91,0
DA:92,0
DA:94,0
DA:95,0
DA:96,0
DA:98,0
DA:99,0
DA:104,1
DA:106,1
DA:107,1
DA:108,1
DA:109,1
DA:116,0
DA:117,0
DA:122,0
DA:123,0
DA:124,0
DA:126,0
DA:131,0
DA:132,0
DA:133,0
DA:137,0
DA:138,0
DA:139,0
DA:140,0
DA:143,1
DA:144,1
DA:146,0
LF:82
LH:34
BRDA:56,0,0,0
BRDA:56,0,1,1
BRDA:68,1,0,1
BRDA:68,1,1,0
BRDA:70,2,0,0
BRDA:70,2,1,0
BRDA:70,3,0,0
BRDA:70,3,1,0
BRDA:77,4,0,0
BRDA:77,4,1,0
BRDA:78,5,0,0
BRDA:78,5,1,0
BRDA:94,6,0,0
BRDA:94,6,1,0
BRDA:94,7,0,0
BRDA:94,7,1,0
BRF:16
BRH:2
end_of_record
