TN:
SF:assets\js\dashboard.js
FN:6,load
FN:11,(anonymous_1)
FN:17,logout
FN:22,renderUsernameToDashboard
FN:29,renderHabitToDashboard
FN:51,(anonymous_5)
FN:111,streakUpdate
FN:127,fetchUserIDByUsername
FN:133,fetchUserHabitsByUsername
FNF:9
FNH:1
FNDA:0,load
FNDA:0,(anonymous_1)
FNDA:0,logout
FNDA:1,renderUsernameToDashboard
FNDA:0,renderHabitToDashboard
FNDA:0,(anonymous_5)
FNDA:0,streakUpdate
FNDA:0,fetchUserIDByUsername
FNDA:0,fetchUserHabitsByUsername
DA:2,1
DA:4,1
DA:7,0
DA:8,0
DA:9,0
DA:10,0
DA:11,0
DA:12,0
DA:18,0
DA:19,0
DA:23,1
DA:24,1
DA:25,1
DA:26,1
DA:31,0
DA:32,0
DA:34,0
DA:36,0
DA:38,0
DA:39,0
DA:40,0
DA:41,0
DA:42,0
DA:44,0
DA:45,0
DA:46,0
DA:47,0
DA:48,0
DA:50,0
DA:51,0
DA:53,0
DA:54,0
DA:55,0
DA:57,0
DA:58,0
DA:61,0
DA:63,0
DA:65,0
DA:66,0
DA:67,0
DA:68,0
DA:70,0
DA:71,0
DA:72,0
DA:74,0
DA:75,0
DA:76,0
DA:78,0
DA:81,0
DA:83,0
DA:84,0
DA:85,0
DA:86,0
DA:87,0
DA:88,0
DA:89,0
DA:91,0
DA:92,0
DA:93,0
DA:95,0
DA:96,0
DA:101,0
DA:103,0
DA:104,0
DA:105,0
DA:106,0
DA:113,0
DA:114,0
DA:119,0
DA:120,0
DA:121,0
DA:123,0
DA:128,0
DA:129,0
DA:130,0
DA:134,0
DA:135,0
DA:136,0
DA:137,0
DA:140,1
DA:141,1
DA:143,0
LF:82
LH:8
BRDA:53,0,0,0
BRDA:53,0,1,0
BRDA:65,1,0,0
BRDA:65,1,1,0
BRDA:67,2,0,0
BRDA:67,2,1,0
BRDA:67,3,0,0
BRDA:67,3,1,0
BRDA:74,4,0,0
BRDA:74,4,1,0
BRDA:75,5,0,0
BRDA:75,5,1,0
BRDA:91,6,0,0
BRDA:91,6,1,0
BRDA:91,7,0,0
BRDA:91,7,1,0
BRF:16
BRH:0
end_of_record
